18:57:23.676747 360PassiveDNS: check callback failed for the configuration
18:57:23.676751 C99: check callback failed for the configuration
18:57:23.676759 CIRCL: check callback failed for the configuration
18:57:23.676786 Censys: check callback failed for the configuration
18:57:23.676809 CertCentral: check callback failed for the configuration
18:57:23.676821 BeVigil: check callback failed for the configuration
18:57:23.676849 BigDataCloud: check callback failed for the configuration
18:57:23.676856 Chaos: check callback failed for the configuration
18:57:23.676886 Cloudflare: API key data was not provided
18:57:23.677118 FOFA: check callback failed for the configuration
18:57:23.676897 BinaryEdge: check callback failed for the configuration
18:57:23.676926 BuiltWith: check callback failed for the configuration
18:57:23.676936 DNSDB: API key data was not provided
18:57:23.677213 DNSDB: check callback failed for the configuration
18:57:23.676968 ASNLookup: check callback failed for the configuration
18:57:23.676982 FacebookCT: check callback failed for the configuration
18:57:23.677025 Ahrefs: check callback failed for the configuration
18:57:23.677036 DNSRepo: check callback failed for the configuration
18:57:23.677029 AlienVault: API key data was not provided
18:57:23.677072 Detectify: check callback failed for the configuration
18:57:23.677098 DNSlytics: check callback failed for the configuration
18:57:23.677121 Deepinfo: check callback failed for the configuration
18:57:23.677174 ZoomEye: check callback failed for the configuration
18:57:23.677411 SecurityTrails: check callback failed for the configuration
18:57:23.677449 Shodan: check callback failed for the configuration
18:57:23.677501 Spamhaus: check callback failed for the configuration
18:57:23.677692 Spyse: check callback failed for the configuration
18:57:23.677756 FullHunt: check callback failed for the configuration
18:57:23.677824 GitHub: check callback failed for the configuration
18:57:23.677557 SOCRadar: check callback failed for the configuration
18:57:23.678133 IntelX: check callback failed for the configuration
18:57:23.678187 NetworksDB: API key data was not provided
18:57:23.678216 PentestTools: check callback failed for the configuration
18:57:23.678223 LeakIX: check callback failed for the configuration
18:57:23.678325 ONYPHE: check callback failed for the configuration
18:57:23.678189 Pastebin: check callback failed for the configuration
18:57:23.678341 PublicWWW: check callback failed for the configuration
18:57:23.678142 ZETAlytics: check callback failed for the configuration
18:57:23.677694 IPinfo: check callback failed for the configuration
18:57:23.677873 GitLab: check callback failed for the configuration
18:57:23.677975 Hunter: check callback failed for the configuration
18:57:23.678008 IPdata: check callback failed for the configuration
18:57:23.678042 WhoisXMLAPI: check callback failed for the configuration
18:57:23.678067 VirusTotal: check callback failed for the configuration
18:57:23.678103 Yandex: check callback failed for the configuration
18:57:23.678146 ThreatBook: check callback failed for the configuration
18:57:23.677578 Twitter: API key data was not provided
18:57:23.678524 Twitter: check callback failed for the configuration
18:57:23.677513 Umbrella: API key data was not provided
18:57:23.678577 Umbrella: check callback failed for the configuration
18:57:23.678197 PassiveTotal: check callback failed for the configuration
18:57:23.678204 Netlas: check callback failed for the configuration
18:57:23.678368 Quake: check callback failed for the configuration
18:57:23.971439 Querying Brute Forcing for indriverapp.com subdomains
18:57:23.975975 Querying PKey for indriverapp.com subdomains
18:57:23.976087 Querying AbuseIPDB for indriverapp.com subdomains
18:57:23.976160 Querying RapidDNS for indriverapp.com subdomains
18:57:23.976193 Querying ThreatMiner for indriverapp.com subdomains
18:57:23.976243 Querying Crtsh for indriverapp.com subdomains
18:57:23.976266 Querying SonarSearch for indriverapp.com subdomains
18:57:23.976292 Querying Google for indriverapp.com subdomains
18:57:23.976350 Querying Synapsint for indriverapp.com subdomains
18:57:23.976376 Querying URLScan for indriverapp.com subdomains
18:57:23.976403 Querying DNSHistory for indriverapp.com subdomains
18:57:23.976427 Querying SiteDossier for indriverapp.com subdomains
18:57:23.976539 Querying Yahoo for indriverapp.com subdomains
18:57:23.976585 Querying AlienVault for indriverapp.com subdomains
18:57:23.977023 Querying Bing for indriverapp.com subdomains
18:57:23.977161 Querying HackerTarget for indriverapp.com subdomains
18:57:23.977205 Querying Riddler for indriverapp.com subdomains
18:57:23.977614 Querying Pulsedive for indriverapp.com subdomains
18:57:23.977723 Querying BufferOver for indriverapp.com subdomains
18:57:23.977770 Querying Greynoise for indriverapp.com subdomains
18:57:23.977813 Querying Maltiverse for indriverapp.com subdomains
18:57:23.977897 Querying Robtex for indriverapp.com subdomains
18:57:23.977961 Querying AnubisDB for indriverapp.com subdomains
18:57:23.978008 Querying UKWebArchive for indriverapp.com subdomains
18:57:23.978049 Querying Digitorus for indriverapp.com subdomains
18:57:23.978183 Querying HackerOne for indriverapp.com subdomains
18:57:23.978268 Querying Sublist3rAPI for indriverapp.com subdomains
18:57:23.978313 Querying Wayback for indriverapp.com subdomains
18:57:23.978357 Querying Arquivo for indriverapp.com subdomains
18:57:23.978475 Querying DNSSpy for indriverapp.com subdomains
18:57:23.978525 Querying CertSpotter for indriverapp.com subdomains
18:57:23.978585 Querying Searx for indriverapp.com subdomains
18:57:23.978664 Querying ThreatCrowd for indriverapp.com subdomains
18:57:23.978713 Querying ArchiveIt for indriverapp.com subdomains
18:57:23.978853 Querying DuckDuckGo for indriverapp.com subdomains
18:57:23.978885 Querying Searchcode for indriverapp.com subdomains
18:57:23.978913 Querying DNSDumpster for indriverapp.com subdomains
18:57:23.978936 Querying Baidu for indriverapp.com subdomains
18:57:23.979011 Querying CommonCrawl for indriverapp.com subdomains
18:57:23.979037 Querying GoogleCT for indriverapp.com subdomains
18:57:23.979335 Querying Mnemonic for indriverapp.com subdomains
18:57:23.979566 Querying HyperStat for indriverapp.com subdomains
18:57:23.979606 Querying HAW for indriverapp.com subdomains
18:57:23.979635 Querying Ask for indriverapp.com subdomains
18:57:23.979738 Querying Gists for indriverapp.com subdomains
18:57:24.202121 GoogleCT: vertical request to service failed: 400: 400 Bad Request
18:57:25.108064 PKey: scrape: 503: 503 Service Temporarily Unavailable
18:57:25.265857 BufferOver: scrape: Get "https://dns.bufferover.run/dns?q=.indriverapp.com": dial tcp: lookup dns.bufferover.run on 172.20.16.1:53: no such host
18:57:25.583677 Greynoise: vertical request to service failed: 404: 404 Not Found
18:57:25.942717 DNSSpy: scrape: 404: 404 Not Found
18:57:26.173395 Synapsint: scrape: 403: 403 Forbidden
18:57:26.239370 DNSHistory: vertical request to service failed: 403: 403 Forbidden
18:57:26.856883 Digitorus: scrape: 404: 404 Not Found
18:57:27.193032 Searx: scrape: 403: 403 Forbidden
18:57:27.868929 ArchiveIt: scrape: 403: 403 Forbidden
18:57:28.225823 SiteDossier: scrape: 404: 404 No data available
18:57:28.325568 Sublist3rAPI: vertical request to service failed: 523: 523 
18:57:29.662014 Arquivo: vertical request to service failed: 400: 400 Bad Request
18:57:34.996680 ThreatCrowd: vertical request to service failed: 503: 503 Service Temporarily Unavailable
18:57:43.968119 Yahoo: scrape: Get "https://consent.yahoo.com/v2/collectConsent?sessionId=3_cc-session_94787e29-59a6-42ce-889b-1bab83845ada": context canceled
18:57:43.968210 CommonCrawl: scrape: Get "https://index.commoncrawl.org/CC-MAIN-2023-06-index?output=json&fl=url&url=*.indriverapp.com": context canceled
18:57:43.968345 UKWebArchive: scrape: Get "https://www.webarchive.org.uk/wayback/archive/cdx?matchType=domain&output=json&url=indriverapp.com": context canceled
18:57:43.968419 Searchcode: scrape: Get "https://searchcode.com/api/codesearch_I/?per_page=100&q=.indriverapp.com&p=7": context canceled
18:57:43.976546 Google: scrape: Get "https://www.google.com/search?bih=&biw=&btnG=Search&filter=0&gbv=1&hl=en&q=site%3A%2A.%2A.indriverapp.com+-www.%2A&start=0": context canceled
18:57:43.977725 Bing: scrape: Get "https://www.bing.com/search?FORM=PORE&first=191&q=domain%3Aindriverapp.com+-site%3Awww.indriverapp.com": context canceled
